<?xml version="1.0" encoding="UTF-8"?>
<testng-results ignored="0" total="1" passed="1" failed="0" skipped="0">
  <reporter-output>
  </reporter-output>
  <suite started-at="2022-04-07T23:57:50 IST" name="Default suite" finished-at="2022-04-08T00:05:11 IST" duration-ms="440293">
    <groups>
    </groups>
    <test started-at="2022-04-07T23:57:50 IST" name="Default test" finished-at="2022-04-08T00:05:11 IST" duration-ms="440293">
      <class name="Project">
        <test-method is-config="true" signature="beforeTest()[pri:0, instance:Project@47d9a273]" started-at="2022-04-07T23:57:50 IST" name="beforeTest" finished-at="2022-04-08T00:01:04 IST" duration-ms="193528" status="PASS">
          <reporter-output>
          </reporter-output>
        </test-method> <!-- beforeTest -->
        <test-method signature="f()[pri:0, instance:Project@47d9a273]" started-at="2022-04-08T00:01:06 IST" name="f" finished-at="2022-04-08T00:05:09 IST" duration-ms="242966" status="PASS">
          <reporter-output>
          </reporter-output>
        </test-method> <!-- f -->
        <test-method is-config="true" signature="afterTest()[pri:0, instance:Project@47d9a273]" started-at="2022-04-08T00:05:09 IST" name="afterTest" finished-at="2022-04-08T00:05:11 IST" duration-ms="2199" status="PASS">
          <reporter-output>
          </reporter-output>
        </test-method> <!-- afterTest -->
      </class> <!-- Project -->
    </test> <!-- Default test -->
  </suite> <!-- Default suite -->
</testng-results>
